<?xml version="1.0" encoding="UTF-8"?>
<!-- Generated by org.testng.reporters.JUnitXMLReporter -->
<testsuite ignored="0" hostname="Vinoth" failures="0" tests="5" name="Sanity Test Cases" time="18.648" errors="0" timestamp="2025-05-18T14:54:28 BST">
  <testcase classname="com.vqa.sanity.RegisterDemoFlow" name="launchApplication" time="9.733"/>
  <testcase classname="com.vqa.sanity.RegisterDemoFlow" name="navigateToRegisterDemoPage" time="0.652"/>
  <testcase classname="com.vqa.sanity.RegisterDemoFlow" name="registerUser" time="7.472"/>
  <testcase classname="com.vqa.sanity.RegisterDemoFlow" name="validateTransaction" time="0.171"/>
  <testcase classname="com.vqa.sanity.RegisterDemoFlow" name="closeApplication" time="0.491"/>
</testsuite> <!-- Sanity Test Cases -->
