<?xml version="1.0" encoding="UTF-8"?>
<!-- Generated by org.testng.reporters.JUnitXMLReporter -->
<testsuite ignored="0" hostname="Vinoth" failures="0" tests="5" name="Default test" time="18.487" errors="0" timestamp="2025-05-18T14:08:04 BST">
  <testcase classname="com.vqa.sanity.RegisterDemoFlow" name="launchApplication" time="6.017"/>
  <testcase classname="com.vqa.sanity.RegisterDemoFlow" name="navigateToRegisterDemoPage" time="1.782"/>
  <testcase classname="com.vqa.sanity.RegisterDemoFlow" name="registerUser" time="9.673"/>
  <testcase classname="com.vqa.sanity.RegisterDemoFlow" name="validateTransaction" time="0.172"/>
  <testcase classname="com.vqa.sanity.RegisterDemoFlow" name="closeApplication" time="0.733"/>
</testsuite> <!-- Default test -->
