<?xml version="1.0" encoding="UTF-8"?>
<testsuite xmlns:xsi="http://www.w3.org/2001/XMLSchema-instance" xsi:noNamespaceSchemaLocation="https://maven.apache.org/surefire/maven-surefire-plugin/xsd/surefire-test-report.xsd" version="3.0.1" name="TestSuite" time="19.941" tests="5" errors="0" skipped="0" failures="0">
  <properties>
[...]
</properties>
  <testcase name="launchApplication" classname="com.vqa.sanity.RegisterDemoFlow" time="9.738">
    <system-out><![CDATA[Application is launched successdully
Both the actual and expected URLs are the same
The current URl page is https://vinothqaacademy.com/
Both the actual and expected titles are the same
The page title is Vinoth Q.A Academy - Learn With Clarity
Application is launched successfully
]]></system-out>
    <system-err><![CDATA[SLF4J(W): No SLF4J providers were found.
SLF4J(W): Defaulting to no-operation (NOP) logger implementation
SLF4J(W): See https://www.slf4j.org/codes.html#noProviders for further details.
May 18, 2025 2:54:17 PM org.openqa.selenium.devtools.CdpVersionFinder findNearestMatch
WARNING: Unable to find an exact match for CDP version 136, returning the closest version; found: 135; Please update to a Selenium version that supports CDP version 136
]]></system-err>
  </testcase>
  <testcase name="navigateToRegisterDemoPage" classname="com.vqa.sanity.RegisterDemoFlow" time="0.654">
    <system-out><![CDATA[Register Demo page is displayed successfully
]]></system-out>
  </testcase>
  <testcase name="registerUser" classname="com.vqa.sanity.RegisterDemoFlow" time="7.478">
    <system-out><![CDATA[Actual and Expected logo image text are same
Actual logo image is Vinoth Q.A Academy
Actual and Expected form title are same
Actual form title is Registration Form
First name is displayed
First name entered is Vinoth
Last name is displayed
Last name entered is R
Male radio button is not selected
Male radio button is selected
Java Check Box is not selected
Java Check Box is CHECKED
Selenium webdriver Check Box is not selected
Selenium webdriver Check Box is CHECKED
Devops Check Box is selected
Devops Check Box is unchecked
Address is displayed
Address entered is Saravana Flats
Address is displayed
street address entered is Prasanna Street
Apt is displayed
Apt entered is F1
City is displayed
City entered is Chennai
State is displayed
State entered is Tamil Nadu
Country dropdown is displayed
Country selected is India
Email is displayed
Email entered is vinoth@gmail.com
DOD is displayed
DOD entered is 09/30/25
Convenient time HH dropdown is displayed
Convenient time HH selected is 02
Convenient time MM dropdown is displayed
Convenient time MM selected is 05
Mobile number is displayed
Mobile numbber entered is 6383544892
Enter your query is displayed
Query entered is Is learning selenium automation using java easy?
33
Varification succcessfull
Submit button is enabled
Submit button is clicked
User registered successfully
]]></system-out>
  </testcase>
  <testcase name="validateTransaction" classname="com.vqa.sanity.RegisterDemoFlow" time="0.181">
    <system-out><![CDATA[Both actual and expected successful message are same
Successful message is Registration Form is Successfully Submitted. The Transaction ID : 8870377368
8870377368
Transaction validated successfully
]]></system-out>
  </testcase>
  <testcase name="closeApplication" classname="com.vqa.sanity.RegisterDemoFlow" time="0.491">
    <system-out><![CDATA[Application is closed successfully
]]></system-out>
  </testcase>
</testsuite>