<?xml version="1.0" encoding="UTF-8"?>
<testng-results ignored="0" total="5" passed="5" failed="0" skipped="0">
  <reporter-output>
  </reporter-output>
  <suite started-at="2025-05-18T14:54:10 BST" name="Automation Suite" finished-at="2025-05-18T14:54:28 BST" duration-ms="18648">
    <groups>
    </groups>
    <test started-at="2025-05-18T14:54:10 BST" name="Sanity Test Cases" finished-at="2025-05-18T14:54:28 BST" duration-ms="18648">
      <class name="com.vqa.sanity.RegisterDemoFlow">
        <test-method signature="launchApplication()[pri:1, instance:com.vqa.sanity.RegisterDemoFlow@1cbbffcd]" started-at="2025-05-18T14:54:10 BST" name="launchApplication" finished-at="2025-05-18T14:54:20 BST" duration-ms="9733" status="PASS">
          <reporter-output>
          </reporter-output>
        </test-method> <!-- launchApplication -->
        <test-method signature="navigateToRegisterDemoPage()[pri:2, instance:com.vqa.sanity.RegisterDemoFlow@1cbbffcd]" started-at="2025-05-18T14:54:20 BST" name="navigateToRegisterDemoPage" finished-at="2025-05-18T14:54:20 BST" duration-ms="652" status="PASS">
          <reporter-output>
          </reporter-output>
        </test-method> <!-- navigateToRegisterDemoPage -->
        <test-method signature="registerUser()[pri:3, instance:com.vqa.sanity.RegisterDemoFlow@1cbbffcd]" started-at="2025-05-18T14:54:20 BST" name="registerUser" finished-at="2025-05-18T14:54:28 BST" duration-ms="7472" status="PASS">
          <reporter-output>
          </reporter-output>
        </test-method> <!-- registerUser -->
        <test-method signature="validateTransaction()[pri:4, instance:com.vqa.sanity.RegisterDemoFlow@1cbbffcd]" started-at="2025-05-18T14:54:28 BST" name="validateTransaction" finished-at="2025-05-18T14:54:28 BST" duration-ms="171" status="PASS">
          <reporter-output>
          </reporter-output>
        </test-method> <!-- validateTransaction -->
        <test-method signature="closeApplication()[pri:5, instance:com.vqa.sanity.RegisterDemoFlow@1cbbffcd]" started-at="2025-05-18T14:54:28 BST" name="closeApplication" finished-at="2025-05-18T14:54:28 BST" duration-ms="491" status="PASS">
          <reporter-output>
          </reporter-output>
        </test-method> <!-- closeApplication -->
      </class> <!-- com.vqa.sanity.RegisterDemoFlow -->
    </test> <!-- Sanity Test Cases -->
  </suite> <!-- Automation Suite -->
</testng-results>
