<?xml version="1.0" encoding="UTF-8"?>
<!-- Generated by org.testng.reporters.JUnitXMLReporter -->
<testsuite ignored="0" hostname="Vinoth" failures="0" tests="5" name="Sanity Test Cases" time="21.405" errors="0" timestamp="2025-05-18T14:14:14 BST">
  <testcase classname="com.vqa.sanity.RegisterDemoFlow" name="launchApplication" time="9.704"/>
  <testcase classname="com.vqa.sanity.RegisterDemoFlow" name="navigateToRegisterDemoPage" time="1.966"/>
  <testcase classname="com.vqa.sanity.RegisterDemoFlow" name="registerUser" time="8.709"/>
  <testcase classname="com.vqa.sanity.RegisterDemoFlow" name="validateTransaction" time="0.181"/>
  <testcase classname="com.vqa.sanity.RegisterDemoFlow" name="closeApplication" time="0.674"/>
</testsuite> <!-- Sanity Test Cases -->
